0 verbose cli C:\Program Files\nodejs\node.exe C:\Program Files\nodejs\node_modules\npm\bin\npm-cli.js
1 info using npm@11.6.2
2 info using node@v24.13.0
3 silly config load:file:C:\Program Files\nodejs\node_modules\npm\npmrc
4 silly config load:file:C:\Users\Mohannad Mahmoud\Desktop\landing pages\landingpage\.npmrc
5 silly config load:file:C:\Users\Mohannad Mahmoud\.npmrc
6 silly config load:file:C:\Users\Mohannad Mahmoud\AppData\Roaming\npm\etc\npmrc
7 verbose title npm install lenis@1.3.21 framer-motion@12.38.0
8 verbose argv "install" "--package-lock-only" "lenis@1.3.21" "framer-motion@12.38.0"
9 verbose logfile logs-max:10 dir:c:\Users\Mohannad Mahmoud\Desktop\landing pages\landingpage\.npm-cache\_logs\2026-05-18T12_06_11_419Z-
10 verbose logfile c:\Users\Mohannad Mahmoud\Desktop\landing pages\landingpage\.npm-cache\_logs\2026-05-18T12_06_11_419Z-debug-0.log
11 silly logfile done cleaning log files
12 http fetch GET https://registry.npmjs.org/npm attempt 1 failed with ECONNREFUSED
13 silly packumentCache heap:4496293888 maxSize:1124073472 maxEntrySize:562036736
14 silly idealTree buildDeps
15 silly fetch manifest lenis@1.3.21
16 silly packumentCache full:https://registry.npmjs.org/lenis cache-miss
17 silly fetch manifest framer-motion@12.38.0
18 silly packumentCache full:https://registry.npmjs.org/framer-motion cache-miss
19 silly placeDep ROOT framer-motion@ OK for: landingpage@0.1.0 want: 12.38.0
20 silly placeDep ROOT lenis@ OK for: landingpage@0.1.0 want: 1.3.21
21 http cache https://registry.npmjs.org/@tailwindcss/oxide-wasm32-wasi/-/oxide-wasm32-wasi-4.2.2.tgz 0ms (cache hit)
22 silly tarball no local data for https://registry.npmjs.org/@tailwindcss/oxide-wasm32-wasi/-/oxide-wasm32-wasi-4.2.2.tgz. Extracting by manifest.
23 verbose stack Error: request to https://registry.npmjs.org/@tailwindcss/oxide-wasm32-wasi/-/oxide-wasm32-wasi-4.2.2.tgz failed: cache mode is 'only-if-cached' but no cached response is available.
23 verbose stack     at cacheFetch (C:\Program Files\nodejs\node_modules\npm\node_modules\make-fetch-happen\lib\cache\index.js:12:13)
23 verbose stack     at async fetch (C:\Program Files\nodejs\node_modules\npm\node_modules\make-fetch-happen\lib\fetch.js:98:7)
24 error code ENOTCACHED
25 error request to https://registry.npmjs.org/@tailwindcss/oxide-wasm32-wasi/-/oxide-wasm32-wasi-4.2.2.tgz failed: cache mode is 'only-if-cached' but no cached response is available.
26 silly unfinished npm timer reify 1779105971650
27 silly unfinished npm timer reify:loadTrees 1779105971650
28 silly unfinished npm timer idealTree:buildDeps 1779105971773
29 silly unfinished npm timer idealTree:node_modules/@tailwindcss/oxide-wasm32-wasi 1779105971783
30 verbose cwd C:\Users\Mohannad Mahmoud\Desktop\landing pages\landingpage
31 verbose os Windows_NT 10.0.26200
32 verbose node v24.13.0
33 verbose npm  v11.6.2
34 verbose exit 1
35 verbose code 1
36 error A complete log of this run can be found in: c:\Users\Mohannad Mahmoud\Desktop\landing pages\landingpage\.npm-cache\_logs\2026-05-18T12_06_11_419Z-debug-0.log
